In file included from [01m[K/opt/ros/kinetic/include/ros/ros.h:40:0[m[K,
                 from [01m[K/home/miguel/ws_moveit/src/moveit_tutorials/doc/pr2_tutorials/kinematics/src/kinematic_model_tutorial.cpp:37[m[K:
[01m[K/home/miguel/ws_moveit/src/moveit_tutorials/doc/pr2_tutorials/kinematics/src/kinematic_model_tutorial.cpp:[m[K In function â€˜[01m[Kint main(int, char**)[m[Kâ€™:
[01m[K/home/miguel/ws_moveit/src/moveit_tutorials/doc/pr2_tutorials/kinematics/src/kinematic_model_tutorial.cpp:240:19:[m[K [01;31m[Kerror: [m[Kâ€˜[01m[Ktrajectory[m[Kâ€™ was not declared in this scope
   ROS_INFO_STREAM(trajectory);
[01;32m[K                   ^[m[K
[01m[K/opt/ros/kinetic/include/ros/console.h:356:64:[m[K [01;36m[Knote: [m[Kin definition of macro â€˜[01m[KROSCONSOLE_PRINT_STREAM_AT_LOCATION_WITH_FILTER[m[Kâ€™
     __rosconsole_print_stream_at_location_with_filter__ss__ << args; \
[01;32m[K                                                                ^[m[K
[01m[K/opt/ros/kinetic/include/ros/console.h:398:7:[m[K [01;36m[Knote: [m[Kin expansion of macro â€˜[01m[KROSCONSOLE_PRINT_STREAM_AT_LOCATION[m[Kâ€™
       ROSCONSOLE_PRINT_STREAM_AT_LOCATION(args); \
[01;32m[K       ^[m[K
[01m[K/opt/ros/kinetic/include/ros/console.h:568:43:[m[K [01;36m[Knote: [m[Kin expansion of macro â€˜[01m[KROS_LOG_STREAM_COND[m[Kâ€™
 #define ROS_LOG_STREAM(level, name, args) ROS_LOG_STREAM_COND(true, level, name, args)
[01;32m[K                                           ^[m[K
[01m[K/opt/ros/kinetic/include/rosconsole/macros_generated.h:111:31:[m[K [01;36m[Knote: [m[Kin expansion of macro â€˜[01m[KROS_LOG_STREAM[m[Kâ€™
 #define ROS_INFO_STREAM(args) ROS_LOG_STREAM(::ros::console::levels::Info, ROSCONSOLE_DEFAULT_NAME, args)
[01;32m[K                               ^[m[K
[01m[K/home/miguel/ws_moveit/src/moveit_tutorials/doc/pr2_tutorials/kinematics/src/kinematic_model_tutorial.cpp:240:3:[m[K [01;36m[Knote: [m[Kin expansion of macro â€˜[01m[KROS_INFO_STREAM[m[Kâ€™
   ROS_INFO_STREAM(trajectory);
[01;32m[K   ^[m[K
[01m[K/home/miguel/ws_moveit/src/moveit_tutorials/doc/pr2_tutorials/kinematics/src/kinematic_model_tutorial.cpp:242:40:[m[K [01;31m[Kerror: [m[Kâ€˜[01m[Kgroup[m[Kâ€™ was not declared in this scope
   robot_trajectory::RobotTrajectory rt(group.getCurrentState()->getRobotModel(), "arm_group");
[01;32m[K                                        ^[m[K
[01m[K/home/miguel/ws_moveit/src/moveit_tutorials/doc/pr2_tutorials/kinematics/src/kinematic_model_tutorial.cpp:242:40:[m[K [01;36m[Knote: [m[Ksuggested alternative:
In file included from [01m[K/usr/include/boost/format.hpp:48:0[m[K,
                 from [01m[K/usr/include/boost/math/policies/error_handling.hpp:31[m[K,
                 from [01m[K/usr/include/boost/math/special_functions/round.hpp:14[m[K,
                 from [01m[K/opt/ros/kinetic/include/ros/time.h:58[m[K,
                 from [01m[K/opt/ros/kinetic/include/ros/ros.h:38[m[K,
                 from [01m[K/home/miguel/ws_moveit/src/moveit_tutorials/doc/pr2_tutorials/kinematics/src/kinematic_model_tutorial.cpp:37[m[K:
[01m[K/usr/include/boost/format/group.hpp:667:3:[m[K [01;36m[Knote: [m[K  â€˜[01m[Kboost::io::group[m[Kâ€™
   group(T1 a1,T2 a2,T3 a3,T4 a4,T5 a5,T6 a6,T7 a7,T8 a8,T9 a9, Var& var)
[01;32m[K   ^[m[K
[01m[K/home/miguel/ws_moveit/src/moveit_tutorials/doc/pr2_tutorials/kinematics/src/kinematic_model_tutorial.cpp:247:3:[m[K [01;31m[Kerror: [m[Kâ€˜[01m[KIterativeParabolicTimeParameterization[m[Kâ€™ is not a member of â€˜[01m[Ktrajectory_processing[m[Kâ€™
   trajectory_processing::IterativeParabolicTimeParameterization iptp;
[01;32m[K   ^[m[K
make[2]: *** [doc/pr2_tutorials/kinematics/CMakeFiles/kinematic_model_tutorial.dir/src/kinematic_model_tutorial.cpp.o] Error 1
make[1]: *** [doc/pr2_tutorials/kinematics/CMakeFiles/kinematic_model_tutorial.dir/all] Error 2
make: *** [all] Error 2
